Performing C SOURCE FILE Test CMAKE_HAVE_LIBC_PTHREAD failed with the following output:
Change Dir: /home/dima/geant/custom/B1_v2/build/CMakeFiles/CMakeScratch/TryCompile-6W8Q5o

Run Build Command(s):/usr/bin/gmake -f Makefile cmTC_54f31/fast && /usr/bin/gmake  -f CMakeFiles/cmTC_54f31.dir/build.make CMakeFiles/cmTC_54f31.dir/build
gmake[1]: Entering directory '/home/dima/geant/custom/B1_v2/build/CMakeFiles/CMakeScratch/TryCompile-6W8Q5o'
Building C object CMakeFiles/cmTC_54f31.dir/src.c.o
/home/dima/miniconda3/envs/geant310/bin/x86_64-conda-linux-gnu-cc -DCMAKE_HAVE_LIBC_PTHREAD  -march=nocona -mtune=haswell -ftree-vectorize -fPIC -fstack-protector-strong -fno-plt -O2 -ffunction-sections -pipe -isystem /home/dima/miniconda3/envs/geant310/include  -o CMakeFiles/cmTC_54f31.dir/src.c.o -c /home/dima/geant/custom/B1_v2/build/CMakeFiles/CMakeScratch/TryCompile-6W8Q5o/src.c
Linking C executable cmTC_54f31
/usr/bin/cmake -E cmake_link_script CMakeFiles/cmTC_54f31.dir/link.txt --verbose=1
/home/dima/miniconda3/envs/geant310/bin/x86_64-conda-linux-gnu-cc -march=nocona -mtune=haswell -ftree-vectorize -fPIC -fstack-protector-strong -fno-plt -O2 -ffunction-sections -pipe -isystem /home/dima/miniconda3/envs/geant310/include  -Wl,-O2 -Wl,--sort-common -Wl,--as-needed -Wl,-z,relro -Wl,-z,now -Wl,--disable-new-dtags -Wl,--gc-sections -Wl,--allow-shlib-undefined -Wl,-rpath,/home/dima/miniconda3/envs/geant310/lib -Wl,-rpath-link,/home/dima/miniconda3/envs/geant310/lib -L/home/dima/miniconda3/envs/geant310/lib  CMakeFiles/cmTC_54f31.dir/src.c.o -o cmTC_54f31 
/home/dima/miniconda3/envs/geant310/bin/../lib/gcc/x86_64-conda-linux-gnu/10.4.0/../../../../x86_64-conda-linux-gnu/bin/ld: CMakeFiles/cmTC_54f31.dir/src.c.o: in function `main':
src.c:(.text.startup.main+0x24): undefined reference to `pthread_create'
/home/dima/miniconda3/envs/geant310/bin/../lib/gcc/x86_64-conda-linux-gnu/10.4.0/../../../../x86_64-conda-linux-gnu/bin/ld: src.c:(.text.startup.main+0x2e): undefined reference to `pthread_detach'
/home/dima/miniconda3/envs/geant310/bin/../lib/gcc/x86_64-conda-linux-gnu/10.4.0/../../../../x86_64-conda-linux-gnu/bin/ld: src.c:(.text.startup.main+0x38): undefined reference to `pthread_cancel'
/home/dima/miniconda3/envs/geant310/bin/../lib/gcc/x86_64-conda-linux-gnu/10.4.0/../../../../x86_64-conda-linux-gnu/bin/ld: src.c:(.text.startup.main+0x44): undefined reference to `pthread_join'
/home/dima/miniconda3/envs/geant310/bin/../lib/gcc/x86_64-conda-linux-gnu/10.4.0/../../../../x86_64-conda-linux-gnu/bin/ld: src.c:(.text.startup.main+0x50): undefined reference to `pthread_atfork'
collect2: error: ld returned 1 exit status
gmake[1]: *** [CMakeFiles/cmTC_54f31.dir/build.make:99: cmTC_54f31] Error 1
gmake[1]: Leaving directory '/home/dima/geant/custom/B1_v2/build/CMakeFiles/CMakeScratch/TryCompile-6W8Q5o'
gmake: *** [Makefile:127: cmTC_54f31/fast] Error 2


Source file was:
#include <pthread.h>

static void* test_func(void* data)
{
  return data;
}

int main(void)
{
  pthread_t thread;
  pthread_create(&thread, NULL, test_func, NULL);
  pthread_detach(thread);
  pthread_cancel(thread);
  pthread_join(thread, NULL);
  pthread_atfork(NULL, NULL, NULL);
  pthread_exit(NULL);

  return 0;
}


Performing C SOURCE FILE Test CMAKE_HAVE_LIBC_PTHREAD failed with the following output:
Change Dir: /home/dima/geant/custom/B1_v3/build/CMakeFiles/CMakeScratch/TryCompile-B38r9r

Run Build Command(s):/usr/bin/gmake -f Makefile cmTC_a446a/fast && /usr/bin/gmake  -f CMakeFiles/cmTC_a446a.dir/build.make CMakeFiles/cmTC_a446a.dir/build
gmake[1]: Entering directory '/home/dima/geant/custom/B1_v3/build/CMakeFiles/CMakeScratch/TryCompile-B38r9r'
Building C object CMakeFiles/cmTC_a446a.dir/src.c.o
/home/dima/miniconda3/envs/geant310/bin/x86_64-conda-linux-gnu-cc -DCMAKE_HAVE_LIBC_PTHREAD  -march=nocona -mtune=haswell -ftree-vectorize -fPIC -fstack-protector-strong -fno-plt -O2 -ffunction-sections -pipe -isystem /home/dima/miniconda3/envs/geant310/include  -o CMakeFiles/cmTC_a446a.dir/src.c.o -c /home/dima/geant/custom/B1_v3/build/CMakeFiles/CMakeScratch/TryCompile-B38r9r/src.c
Linking C executable cmTC_a446a
/usr/bin/cmake -E cmake_link_script CMakeFiles/cmTC_a446a.dir/link.txt --verbose=1
/home/dima/miniconda3/envs/geant310/bin/x86_64-conda-linux-gnu-cc -march=nocona -mtune=haswell -ftree-vectorize -fPIC -fstack-protector-strong -fno-plt -O2 -ffunction-sections -pipe -isystem /home/dima/miniconda3/envs/geant310/include  -Wl,-O2 -Wl,--sort-common -Wl,--as-needed -Wl,-z,relro -Wl,-z,now -Wl,--disable-new-dtags -Wl,--gc-sections -Wl,--allow-shlib-undefined -Wl,-rpath,/home/dima/miniconda3/envs/geant310/lib -Wl,-rpath-link,/home/dima/miniconda3/envs/geant310/lib -L/home/dima/miniconda3/envs/geant310/lib  CMakeFiles/cmTC_a446a.dir/src.c.o -o cmTC_a446a 
/home/dima/miniconda3/envs/geant310/bin/../lib/gcc/x86_64-conda-linux-gnu/10.4.0/../../../../x86_64-conda-linux-gnu/bin/ld: CMakeFiles/cmTC_a446a.dir/src.c.o: in function `main':
src.c:(.text.startup.main+0x24): undefined reference to `pthread_create'
/home/dima/miniconda3/envs/geant310/bin/../lib/gcc/x86_64-conda-linux-gnu/10.4.0/../../../../x86_64-conda-linux-gnu/bin/ld: src.c:(.text.startup.main+0x2e): undefined reference to `pthread_detach'
/home/dima/miniconda3/envs/geant310/bin/../lib/gcc/x86_64-conda-linux-gnu/10.4.0/../../../../x86_64-conda-linux-gnu/bin/ld: src.c:(.text.startup.main+0x38): undefined reference to `pthread_cancel'
/home/dima/miniconda3/envs/geant310/bin/../lib/gcc/x86_64-conda-linux-gnu/10.4.0/../../../../x86_64-conda-linux-gnu/bin/ld: src.c:(.text.startup.main+0x44): undefined reference to `pthread_join'
/home/dima/miniconda3/envs/geant310/bin/../lib/gcc/x86_64-conda-linux-gnu/10.4.0/../../../../x86_64-conda-linux-gnu/bin/ld: src.c:(.text.startup.main+0x50): undefined reference to `pthread_atfork'
collect2: error: ld returned 1 exit status
gmake[1]: *** [CMakeFiles/cmTC_a446a.dir/build.make:99: cmTC_a446a] Error 1
gmake[1]: Leaving directory '/home/dima/geant/custom/B1_v3/build/CMakeFiles/CMakeScratch/TryCompile-B38r9r'
gmake: *** [Makefile:127: cmTC_a446a/fast] Error 2


Source file was:
#include <pthread.h>

static void* test_func(void* data)
{
  return data;
}

int main(void)
{
  pthread_t thread;
  pthread_create(&thread, NULL, test_func, NULL);
  pthread_detach(thread);
  pthread_cancel(thread);
  pthread_join(thread, NULL);
  pthread_atfork(NULL, NULL, NULL);
  pthread_exit(NULL);

  return 0;
}


Performing C SOURCE FILE Test CMAKE_HAVE_LIBC_PTHREAD failed with the following output:
Change Dir: /home/dima/geant/custom/B1_v3/build/CMakeFiles/CMakeScratch/TryCompile-v0K00X

Run Build Command(s):/usr/bin/gmake -f Makefile cmTC_e49ef/fast && /usr/bin/gmake  -f CMakeFiles/cmTC_e49ef.dir/build.make CMakeFiles/cmTC_e49ef.dir/build
gmake[1]: Entering directory '/home/dima/geant/custom/B1_v3/build/CMakeFiles/CMakeScratch/TryCompile-v0K00X'
Building C object CMakeFiles/cmTC_e49ef.dir/src.c.o
/home/dima/miniconda3/envs/geant310/bin/x86_64-conda-linux-gnu-cc -DCMAKE_HAVE_LIBC_PTHREAD  -march=nocona -mtune=haswell -ftree-vectorize -fPIC -fstack-protector-strong -fno-plt -O2 -ffunction-sections -pipe -isystem /home/dima/miniconda3/envs/geant310/include  -o CMakeFiles/cmTC_e49ef.dir/src.c.o -c /home/dima/geant/custom/B1_v3/build/CMakeFiles/CMakeScratch/TryCompile-v0K00X/src.c
Linking C executable cmTC_e49ef
/usr/bin/cmake -E cmake_link_script CMakeFiles/cmTC_e49ef.dir/link.txt --verbose=1
/home/dima/miniconda3/envs/geant310/bin/x86_64-conda-linux-gnu-cc -march=nocona -mtune=haswell -ftree-vectorize -fPIC -fstack-protector-strong -fno-plt -O2 -ffunction-sections -pipe -isystem /home/dima/miniconda3/envs/geant310/include  -Wl,-O2 -Wl,--sort-common -Wl,--as-needed -Wl,-z,relro -Wl,-z,now -Wl,--disable-new-dtags -Wl,--gc-sections -Wl,--allow-shlib-undefined -Wl,-rpath,/home/dima/miniconda3/envs/geant310/lib -Wl,-rpath-link,/home/dima/miniconda3/envs/geant310/lib -L/home/dima/miniconda3/envs/geant310/lib  CMakeFiles/cmTC_e49ef.dir/src.c.o -o cmTC_e49ef 
/home/dima/miniconda3/envs/geant310/bin/../lib/gcc/x86_64-conda-linux-gnu/10.4.0/../../../../x86_64-conda-linux-gnu/bin/ld: CMakeFiles/cmTC_e49ef.dir/src.c.o: in function `main':
src.c:(.text.startup.main+0x24): undefined reference to `pthread_create'
/home/dima/miniconda3/envs/geant310/bin/../lib/gcc/x86_64-conda-linux-gnu/10.4.0/../../../../x86_64-conda-linux-gnu/bin/ld: src.c:(.text.startup.main+0x2e): undefined reference to `pthread_detach'
/home/dima/miniconda3/envs/geant310/bin/../lib/gcc/x86_64-conda-linux-gnu/10.4.0/../../../../x86_64-conda-linux-gnu/bin/ld: src.c:(.text.startup.main+0x38): undefined reference to `pthread_cancel'
/home/dima/miniconda3/envs/geant310/bin/../lib/gcc/x86_64-conda-linux-gnu/10.4.0/../../../../x86_64-conda-linux-gnu/bin/ld: src.c:(.text.startup.main+0x44): undefined reference to `pthread_join'
/home/dima/miniconda3/envs/geant310/bin/../lib/gcc/x86_64-conda-linux-gnu/10.4.0/../../../../x86_64-conda-linux-gnu/bin/ld: src.c:(.text.startup.main+0x50): undefined reference to `pthread_atfork'
collect2: error: ld returned 1 exit status
gmake[1]: *** [CMakeFiles/cmTC_e49ef.dir/build.make:99: cmTC_e49ef] Error 1
gmake[1]: Leaving directory '/home/dima/geant/custom/B1_v3/build/CMakeFiles/CMakeScratch/TryCompile-v0K00X'
gmake: *** [Makefile:127: cmTC_e49ef/fast] Error 2


Source file was:
#include <pthread.h>

static void* test_func(void* data)
{
  return data;
}

int main(void)
{
  pthread_t thread;
  pthread_create(&thread, NULL, test_func, NULL);
  pthread_detach(thread);
  pthread_cancel(thread);
  pthread_join(thread, NULL);
  pthread_atfork(NULL, NULL, NULL);
  pthread_exit(NULL);

  return 0;
}


Performing C SOURCE FILE Test CMAKE_HAVE_LIBC_PTHREAD failed with the following output:
Change Dir: /home/dima/geant/particle_sim/B1_v3/build/CMakeFiles/CMakeScratch/TryCompile-eZhBgr

Run Build Command(s):/usr/bin/gmake -f Makefile cmTC_fb2b5/fast && /usr/bin/gmake  -f CMakeFiles/cmTC_fb2b5.dir/build.make CMakeFiles/cmTC_fb2b5.dir/build
gmake[1]: Entering directory '/home/dima/geant/particle_sim/B1_v3/build/CMakeFiles/CMakeScratch/TryCompile-eZhBgr'
Building C object CMakeFiles/cmTC_fb2b5.dir/src.c.o
/home/dima/miniconda3/envs/geant310/bin/x86_64-conda-linux-gnu-cc -DCMAKE_HAVE_LIBC_PTHREAD  -march=nocona -mtune=haswell -ftree-vectorize -fPIC -fstack-protector-strong -fno-plt -O2 -ffunction-sections -pipe -isystem /home/dima/miniconda3/envs/geant310/include  -o CMakeFiles/cmTC_fb2b5.dir/src.c.o -c /home/dima/geant/particle_sim/B1_v3/build/CMakeFiles/CMakeScratch/TryCompile-eZhBgr/src.c
Linking C executable cmTC_fb2b5
/usr/bin/cmake -E cmake_link_script CMakeFiles/cmTC_fb2b5.dir/link.txt --verbose=1
/home/dima/miniconda3/envs/geant310/bin/x86_64-conda-linux-gnu-cc -march=nocona -mtune=haswell -ftree-vectorize -fPIC -fstack-protector-strong -fno-plt -O2 -ffunction-sections -pipe -isystem /home/dima/miniconda3/envs/geant310/include  -Wl,-O2 -Wl,--sort-common -Wl,--as-needed -Wl,-z,relro -Wl,-z,now -Wl,--disable-new-dtags -Wl,--gc-sections -Wl,--allow-shlib-undefined -Wl,-rpath,/home/dima/miniconda3/envs/geant310/lib -Wl,-rpath-link,/home/dima/miniconda3/envs/geant310/lib -L/home/dima/miniconda3/envs/geant310/lib  CMakeFiles/cmTC_fb2b5.dir/src.c.o -o cmTC_fb2b5 
/home/dima/miniconda3/envs/geant310/bin/../lib/gcc/x86_64-conda-linux-gnu/10.4.0/../../../../x86_64-conda-linux-gnu/bin/ld: CMakeFiles/cmTC_fb2b5.dir/src.c.o: in function `main':
src.c:(.text.startup.main+0x24): undefined reference to `pthread_create'
/home/dima/miniconda3/envs/geant310/bin/../lib/gcc/x86_64-conda-linux-gnu/10.4.0/../../../../x86_64-conda-linux-gnu/bin/ld: src.c:(.text.startup.main+0x2e): undefined reference to `pthread_detach'
/home/dima/miniconda3/envs/geant310/bin/../lib/gcc/x86_64-conda-linux-gnu/10.4.0/../../../../x86_64-conda-linux-gnu/bin/ld: src.c:(.text.startup.main+0x38): undefined reference to `pthread_cancel'
/home/dima/miniconda3/envs/geant310/bin/../lib/gcc/x86_64-conda-linux-gnu/10.4.0/../../../../x86_64-conda-linux-gnu/bin/ld: src.c:(.text.startup.main+0x44): undefined reference to `pthread_join'
/home/dima/miniconda3/envs/geant310/bin/../lib/gcc/x86_64-conda-linux-gnu/10.4.0/../../../../x86_64-conda-linux-gnu/bin/ld: src.c:(.text.startup.main+0x50): undefined reference to `pthread_atfork'
collect2: error: ld returned 1 exit status
gmake[1]: *** [CMakeFiles/cmTC_fb2b5.dir/build.make:99: cmTC_fb2b5] Error 1
gmake[1]: Leaving directory '/home/dima/geant/particle_sim/B1_v3/build/CMakeFiles/CMakeScratch/TryCompile-eZhBgr'
gmake: *** [Makefile:127: cmTC_fb2b5/fast] Error 2


Source file was:
#include <pthread.h>

static void* test_func(void* data)
{
  return data;
}

int main(void)
{
  pthread_t thread;
  pthread_create(&thread, NULL, test_func, NULL);
  pthread_detach(thread);
  pthread_cancel(thread);
  pthread_join(thread, NULL);
  pthread_atfork(NULL, NULL, NULL);
  pthread_exit(NULL);

  return 0;
}


